{"name":"TC_01_verifyGetRequest","status":"broken","statusDetails":{"known":false,"muted":false,"flaky":false,"message":"Failed to parse the JSON document","trace":"com.jayway.restassured.path.json.exception.JsonPathException: Failed to parse the JSON document\r\n\tat com.jayway.restassured.path.json.JsonPath$ExceptionCatcher.invoke(JsonPath.java:928)\r\n\tat com.jayway.restassured.path.json.JsonPath$4.doParseWith(JsonPath.java:893)\r\n\tat com.jayway.restassured.path.json.JsonPath$JsonParser.parseWith(JsonPath.java:972)\r\n\tat com.jayway.restassured.path.json.JsonPath.get(JsonPath.java:201)\r\n\tat com.jayway.restassured.path.json.JsonPath.getString(JsonPath.java:351)\r\n\tat api.verify.BaseAssertion.verifyBodyReponse(BaseAssertion.java:35)\r\n\tat api.test.SimpleTest.TC_01_verifyGetRequest(SimpleTest.java:42)\r\n\tat java.base/jdk.internal.reflect.NativeMethodAccessorImpl.invoke0(Native Method)\r\n\tat java.base/jdk.internal.reflect.NativeMethodAccessorImpl.invoke(NativeMethodAccessorImpl.java:62)\r\n\tat java.base/jdk.internal.reflect.DelegatingMethodAccessorImpl.invoke(DelegatingMethodAccessorImpl.java:43)\r\n\tat java.base/java.lang.reflect.Method.invoke(Method.java:566)\r\n\tat org.testng.internal.MethodInvocationHelper.invokeMethod(MethodInvocationHelper.java:124)\r\n\tat org.testng.internal.Invoker.invokeMethod(Invoker.java:583)\r\n\tat org.testng.internal.Invoker.invokeTestMethod(Invoker.java:719)\r\n\tat org.testng.internal.Invoker.invokeTestMethods(Invoker.java:989)\r\n\tat org.testng.internal.TestMethodWorker.invokeTestMethods(TestMethodWorker.java:125)\r\n\tat org.testng.internal.TestMethodWorker.run(TestMethodWorker.java:109)\r\n\tat org.testng.TestRunner.privateRun(TestRunner.java:648)\r\n\tat org.testng.TestRunner.run(TestRunner.java:505)\r\n\tat org.testng.SuiteRunner.runTest(SuiteRunner.java:455)\r\n\tat org.testng.SuiteRunner.runSequentially(SuiteRunner.java:450)\r\n\tat org.testng.SuiteRunner.privateRun(SuiteRunner.java:415)\r\n\tat org.testng.SuiteRunner.run(SuiteRunner.java:364)\r\n\tat org.testng.SuiteRunnerWorker.runSuite(SuiteRunnerWorker.java:52)\r\n\tat org.testng.SuiteRunnerWorker.run(SuiteRunnerWorker.java:84)\r\n\tat org.testng.TestNG.runSuitesSequentially(TestNG.java:1208)\r\n\tat org.testng.TestNG.runSuitesLocally(TestNG.java:1137)\r\n\tat org.testng.TestNG.runSuites(TestNG.java:1049)\r\n\tat org.testng.TestNG.run(TestNG.java:1017)\r\n\tat org.testng.remote.AbstractRemoteTestNG.run(AbstractRemoteTestNG.java:115)\r\n\tat org.testng.remote.RemoteTestNG.initAndRun(RemoteTestNG.java:251)\r\n\tat org.testng.remote.RemoteTestNG.main(RemoteTestNG.java:77)\r\nCaused by: groovy.json.JsonException: Lexing failed on line: 1, column: 1, while reading '<', no possible valid JSON value or punctuation could be recognized.\r\n\tat groovy.json.JsonLexer.nextToken(JsonLexer.java:86)\r\n\tat groovy.json.JsonLexer$nextToken.call(Unknown Source)\r\n\tat org.codehaus.groovy.runtime.callsite.CallSiteArray.defaultCall(CallSiteArray.java:47)\r\n\tat org.codehaus.groovy.runtime.callsite.AbstractCallSite.call(AbstractCallSite.java:125)\r\n\tat org.codehaus.groovy.runtime.callsite.AbstractCallSite.call(AbstractCallSite.java:130)\r\n\tat com.jayway.restassured.internal.path.json.ConfigurableJsonSlurper.parse(ConfigurableJsonSlurper.groovy:96)\r\n\tat com.jayway.restassured.internal.path.json.ConfigurableJsonSlurper$parse.callCurrent(Unknown Source)\r\n\tat org.codehaus.groovy.runtime.callsite.CallSiteArray.defaultCallCurrent(CallSiteArray.java:51)\r\n\tat org.codehaus.groovy.runtime.callsite.AbstractCallSite.callCurrent(AbstractCallSite.java:171)\r\n\tat org.codehaus.groovy.runtime.callsite.AbstractCallSite.callCurrent(AbstractCallSite.java:185)\r\n\tat com.jayway.restassured.internal.path.json.ConfigurableJsonSlurper.parseText(ConfigurableJsonSlurper.groovy:82)\r\n\tat com.jayway.restassured.path.json.JsonPath$4$1.method(JsonPath.java:891)\r\n\tat com.jayway.restassured.path.json.JsonPath$ExceptionCatcher.invoke(JsonPath.java:926)\r\n\t... 31 more\r\n"},"stage":"finished","steps":[],"attachments":[],"parameters":[],"start":1628828906529,"stop":1628828908352,"uuid":"2e7e49ce-dd3c-4494-b6a3-830da0740af8","historyId":"10f59eda27ad9371c2740d415397e071","fullName":"api.test.SimpleTest.TC_01_verifyGetRequest","labels":[{"name":"package","value":"api.test.SimpleTest"},{"name":"testClass","value":"api.test.SimpleTest"},{"name":"testMethod","value":"TC_01_verifyGetRequest"},{"name":"parentSuite","value":"REST Assured Test"},{"name":"suite","value":"API Test"},{"name":"subSuite","value":"api.test.SimpleTest"},{"name":"host","value":"DESKTOP-7410DNG"},{"name":"thread","value":"33388@DESKTOP-7410DNG.main(1)"},{"name":"framework","value":"testng"},{"name":"language","value":"java"}],"links":[]}